<?xml version="1.0" encoding="UTF-8"?>
<testsuite name="CeaserCipherTest" tests="1" skipped="0" failures="0" errors="0" timestamp="2019-04-08T12:20:48" hostname="tom-Inspiron-3421" time="0.011">
  <properties/>
  <testcase name="CeaserCipher_testingEncryptingmethod" classname="CeaserCipherTest" time="0.011"/>
  <system-out><![CDATA[]]></system-out>
  <system-err><![CDATA[]]></system-err>
</testsuite>
